<?xml version="1.0" encoding="UTF-8"?>
<testsuite name="com.redbee.io.RestaurantResourceTestSpec" tests="2" skipped="0" failures="0" errors="0" timestamp="2016-10-21T23:14:34" hostname="starfish" time="0.049">
  <properties/>
  <testcase name="getAll" classname="com.redbee.io.RestaurantResourceTestSpec" time="0.032"/>
  <testcase name="create" classname="com.redbee.io.RestaurantResourceTestSpec" time="0.017"/>
  <system-out><![CDATA[]]></system-out>
  <system-err><![CDATA[]]></system-err>
</testsuite>
