<?xml version="1.0" encoding="UTF-8"?>
<testsuite name="com.redbee.io.EventResourceTestSpec" tests="1" skipped="0" failures="0" errors="0" timestamp="2016-10-21T23:14:33" hostname="starfish" time="0.48">
  <properties/>
  <testcase name="getAll" classname="com.redbee.io.EventResourceTestSpec" time="0.48"/>
  <system-out><![CDATA[]]></system-out>
  <system-err><![CDATA[]]></system-err>
</testsuite>
