<?xml version="1.0" encoding="UTF-8"?>
<testsuite name="com.redbee.io.RestaurantResourceTestSpec" tests="2" skipped="0" failures="0" errors="0" timestamp="2016-10-22T04:25:32" hostname="localhost" time="0.416">
  <properties/>
  <testcase name="getAll" classname="com.redbee.io.RestaurantResourceTestSpec" time="0.402"/>
  <testcase name="create" classname="com.redbee.io.RestaurantResourceTestSpec" time="0.014"/>
  <system-out><![CDATA[]]></system-out>
  <system-err><![CDATA[]]></system-err>
</testsuite>
